<?xml version="1.0" encoding="UTF-8"?>
<beans xmlns="http://www.springframework.org/schema/beans"
	xmlns:xsi="http://www.w3.org/2001/XMLSchema-instance" xmlns:context="http://www.springframework.org/schema/context"
	xmlns:mongo="http://www.springframework.org/schema/data/mongo"
	xsi:schemaLocation="http://www.springframework.org/schema/context
          http://www.springframework.org/schema/context/spring-context.xsd
          http://www.springframework.org/schema/data/mongo
          http://www.springframework.org/schema/data/mongo/spring-mongo.xsd
          http://www.springframework.org/schema/beans
          http://www.springframework.org/schema/beans/spring-beans.xsd">

	<bean name="fongo" class="com.github.fakemongo.Fongo">
		<constructor-arg value="InMemoryMongo" />
	</bean>
	<bean id="mongo" factory-bean="fongo" factory-method="getMongo" name="test"/>

	<mongo:db-factory id="mongoDbFactory" mongo-ref="mongo" dbname="test" />

	<bean id="mongoTemplate" class="org.springframework.data.mongodb.core.MongoTemplate">
		<constructor-arg ref="mongoDbFactory" />
	</bean>
	
	<mongo:repositories base-package="com.tamseo.ws.repository" />

	<!-- Some other beans declaration -->
	<bean id="tableService" class="com.tamseo.ws.service.TableServiceBean" />

</beans>